<?xml version="1.0" encoding="UTF-8"?>
<testng-results skipped="0" failed="0" ignored="0" total="2" passed="2">
  <reporter-output>
  </reporter-output>
  <suite name="Suite" duration-ms="18658" started-at="2017-06-27T05:55:05Z" finished-at="2017-06-27T05:55:24Z">
    <groups>
    </groups>
    <test name="TestFirefox" duration-ms="12079" started-at="2017-06-27T05:55:05Z" finished-at="2017-06-27T05:55:18Z">
      <class name="script.Crossbrowser">
        <test-method status="PASS" signature="test1(java.lang.String)[pri:0, instance:script.Crossbrowser@19f379]" name="test1" duration-ms="12060" started-at="2017-06-27T11:25:05Z" finished-at="2017-06-27T11:25:17Z">
          <params>
            <param index="0">
              <value>
                <![CDATA[IE]]>
              </value>
            </param>
          </params>
          <reporter-output>
          </reporter-output>
        </test-method> <!-- test1 -->
      </class> <!-- script.Crossbrowser -->
    </test> <!-- TestFirefox -->
    <test name="TestChrome" duration-ms="18658" started-at="2017-06-27T05:55:05Z" finished-at="2017-06-27T05:55:24Z">
      <class name="script.Crossbrowser">
        <test-method status="PASS" signature="test1(java.lang.String)[pri:0, instance:script.Crossbrowser@e2abd]" name="test1" duration-ms="18639" started-at="2017-06-27T11:25:05Z" finished-at="2017-06-27T11:25:24Z">
          <params>
            <param index="0">
              <value>
                <![CDATA[FF]]>
              </value>
            </param>
          </params>
          <reporter-output>
          </reporter-output>
        </test-method> <!-- test1 -->
      </class> <!-- script.Crossbrowser -->
    </test> <!-- TestChrome -->
  </suite> <!-- Suite -->
</testng-results>
